
**** Build of configuration Debug for project L08-Life ****

"C:\\ti\\ccsv5\\utils\\bin\\gmake" -k all 
'Building file: ../main.c'
'Invoking: MSP430 Compiler'
"C:/ti/ccsv5/tools/compiler/msp430_4.2.1/bin/cl430" -vmsp --abi=coffabi --include_path="C:/ti/ccsv5/ccs_base/msp430/include" --include_path="C:/ti/ccsv5/tools/compiler/msp430_4.2.1/include" --advice:power=all -g --define=__MSP430F2274__ --diag_warning=225 --display_error_number --diag_wrap=off --printf_support=minimal --preproc_with_compile --preproc_dependency="main.pp"  "../main.c"
"../main.c", line 134: remark #1530-D: (ULP 5.1) Detected divide operation(s). Recommend moving them to RAM during run time or not using as these are processing/power intensive
"../main.c", line 137: remark #1544-D: (ULP 13.1) Detected loop counting up. Recommend loops count down as detecting zeros is easier
"../main.c", line 139: remark #1530-D: (ULP 5.1) Detected divide operation(s). Recommend moving them to RAM during run time or not using as these are processing/power intensive
"../main.c", line 140: remark #1530-D: (ULP 5.1) Detected modulo operation(s). Recommend moving them to RAM during run time or not using as these are processing/power intensive
"../main.c", line 143: remark #2553-D: (ULP 14.1) Array index (involving "converted_col") of type "int". Recommend using "unsigned int"
"../main.c", line 143: remark #2553-D: (ULP 14.1) Array index (involving "converted_row") of type "int". Recommend using "unsigned int"
"../main.c", line 147: remark #2553-D: (ULP 14.1) Array index (involving "converted_col") of type "int". Recommend using "unsigned int"
"../main.c", line 147: remark #2553-D: (ULP 14.1) Array index (involving "converted_row") of type "int". Recommend using "unsigned int"
"../main.c", line 163: remark #1544-D: (ULP 13.1) Detected loop counting up. Recommend loops count down as detecting zeros is easier
"../main.c", line 170: remark #2553-D: (ULP 14.1) Array index (involving "col") of type "int". Recommend using "unsigned int"
"../main.c", line 171: remark #2553-D: (ULP 14.1) Array index (involving "col") of type "int". Recommend using "unsigned int"
"../main.c", line 172: remark #2553-D: (ULP 14.1) Array index (involving "col") of type "int". Recommend using "unsigned int"
"../main.c", line 173: remark #2553-D: (ULP 14.1) Array index (involving "col") of type "int". Recommend using "unsigned int"
"../main.c", line 174: remark #2553-D: (ULP 14.1) Array index (involving "col") of type "int". Recommend using "unsigned int"
"../main.c", line 175: remark #2553-D: (ULP 14.1) Array index (involving "col") of type "int". Recommend using "unsigned int"
"../main.c", line 176: remark #2553-D: (ULP 14.1) Array index (involving "col") of type "int". Recommend using "unsigned int"
"../main.c", line 177: remark #2553-D: (ULP 14.1) Array index (involving "col") of type "int". Recommend using "unsigned int"
'Finished building: ../main.c'
' '
'Building target: L08-Life.out'
'Invoking: MSP430 Linker'
"C:/ti/ccsv5/tools/compiler/msp430_4.2.1/bin/cl430" -vmsp --abi=coffabi --advice:power=all -g --define=__MSP430F2274__ --diag_warning=225 --display_error_number --diag_wrap=off --printf_support=minimal -z -m"L08-Life.map" --heap_size=80 --stack_size=80 -i"C:/ti/ccsv5/ccs_base/msp430/include" -i"C:/ti/ccsv5/tools/compiler/msp430_4.2.1/lib" -i"C:/ti/ccsv5/tools/compiler/msp430_4.2.1/include" --reread_libs --warn_sections --display_error_number --diag_wrap=off --xml_link_info="L08-Life_linkInfo.xml" --rom_model -o "L08-Life.out"  "./main.obj" "./lifelib.obj" "./RBX430_lcd.obj" "./RBX430-1.obj" "../lnk_msp430f2274.cmd" -l"libc.a" 
<Linking>
'Finished building target: L08-Life.out'
' '

**** Build Finished ****

**** Build of configuration Debug for project L08-Life ****

"C:\\ti\\ccsv5\\utils\\bin\\gmake" -k all 
'Building file: ../main.c'
'Invoking: MSP430 Compiler'
"C:/ti/ccsv5/tools/compiler/msp430_4.2.1/bin/cl430" -vmsp --abi=coffabi --include_path="C:/ti/ccsv5/ccs_base/msp430/include" --include_path="C:/ti/ccsv5/tools/compiler/msp430_4.2.1/include" --advice:power=all -g --define=__MSP430F2274__ --diag_warning=225 --display_error_number --diag_wrap=off --printf_support=minimal --preproc_with_compile --preproc_dependency="main.pp"  "../main.c"
"../main.c", line 112: remark #2553-D: (ULP 14.1) Array index (involving "col") of type "int". Recommend using "unsigned int"
"../main.c", line 112: remark #2553-D: (ULP 14.1) Array index (involving "row") of type "int". Recommend using "unsigned int"
"../main.c", line 115: remark #2553-D: (ULP 14.1) Array index (involving "col") of type "int". Recommend using "unsigned int"
"../main.c", line 115: remark #2553-D: (ULP 14.1) Array index (involving "row") of type "int". Recommend using "unsigned int"
"../main.c", line 138: warning #225-D: function "clear_row" declared implicitly
"../main.c", line 162: error #138: expression must be a modifiable lvalue
"../main.c", line 137: remark #1544-D: (ULP 13.1) Detected loop counting up. Recommend loops count down as detecting zeros is easier
"../main.c", line 147: remark #1530-D: (ULP 5.1) Detected divide operation(s). Recommend moving them to RAM during run time or not using as these are processing/power intensive
"../main.c", line 148: remark #1544-D: (ULP 13.1) Detected loop counting up. Recommend loops count down as detecting zeros is easier
"../main.c", line 202: remark #1544-D: (ULP 13.1) Detected loop counting up. Recommend loops count down as detecting zeros is easier
"../main.c", line 207: error #161: declaration is incompatible with previous "clear_row" (declared at line 138)
"../main.c", line 209: remark #1544-D: (ULP 13.1) Detected loop counting up. Recommend loops count down as detecting zeros is easier
"../main.c", line 216: remark #2553-D: (ULP 14.1) Array index (involving "col") of type "int". Recommend using "unsigned int"
"../main.c", line 217: remark #2553-D: (ULP 14.1) Array index (involving "col") of type "int". Recommend using "unsigned int"
"../main.c", line 218: remark #2553-D: (ULP 14.1) Array index (involving "col") of type "int". Recommend using "unsigned int"
"../main.c", line 219: remark #2553-D: (ULP 14.1) Array index (involving "col") of type "int". Recommend using "unsigned int"
"../main.c", line 220: remark #2553-D: (ULP 14.1) Array index (involving "col") of type "int". Recommend using "unsigned int"
"../main.c", line 221: remark #2553-D: (ULP 14.1) Array index (involving "col") of type "int". Recommend using "unsigned int"
"../main.c", line 222: remark #2553-D: (ULP 14.1) Array index (involving "col") of type "int". Recommend using "unsigned int"
"../main.c", line 223: remark #2553-D: (ULP 14.1) Array index (involving "col") of type "int". Recommend using "unsigned int"
2 errors detected in the compilation of "../main.c".

>> Compilation failure
gmake: *** [main.obj] Error 1
gmake: Target `all' not remade because of errors.

**** Build Finished ****

**** Build of configuration Debug for project L08-Life ****

"C:\\ti\\ccsv5\\utils\\bin\\gmake" -k all 
'Building file: ../main.c'
'Invoking: MSP430 Compiler'
"C:/ti/ccsv5/tools/compiler/msp430_4.2.1/bin/cl430" -vmsp --abi=coffabi --include_path="C:/ti/ccsv5/ccs_base/msp430/include" --include_path="C:/ti/ccsv5/tools/compiler/msp430_4.2.1/include" --advice:power=all -g --define=__MSP430F2274__ --diag_warning=225 --display_error_number --diag_wrap=off --printf_support=minimal --preproc_with_compile --preproc_dependency="main.pp"  "../main.c"
"../main.c", line 112: remark #2553-D: (ULP 14.1) Array index (involving "col") of type "int". Recommend using "unsigned int"
"../main.c", line 112: remark #2553-D: (ULP 14.1) Array index (involving "row") of type "int". Recommend using "unsigned int"
"../main.c", line 115: remark #2553-D: (ULP 14.1) Array index (involving "col") of type "int". Recommend using "unsigned int"
"../main.c", line 115: remark #2553-D: (ULP 14.1) Array index (involving "row") of type "int". Recommend using "unsigned int"
"../main.c", line 138: warning #225-D: function "clear_row" declared implicitly
"../main.c", line 137: remark #1544-D: (ULP 13.1) Detected loop counting up. Recommend loops count down as detecting zeros is easier
"../main.c", line 147: remark #1530-D: (ULP 5.1) Detected divide operation(s). Recommend moving them to RAM during run time or not using as these are processing/power intensive
"../main.c", line 148: remark #1544-D: (ULP 13.1) Detected loop counting up. Recommend loops count down as detecting zeros is easier
"../main.c", line 202: remark #1544-D: (ULP 13.1) Detected loop counting up. Recommend loops count down as detecting zeros is easier
"../main.c", line 207: error #161: declaration is incompatible with previous "clear_row" (declared at line 138)
"../main.c", line 209: remark #1544-D: (ULP 13.1) Detected loop counting up. Recommend loops count down as detecting zeros is easier
"../main.c", line 216: remark #2553-D: (ULP 14.1) Array index (involving "col") of type "int". Recommend using "unsigned int"
"../main.c", line 217: remark #2553-D: (ULP 14.1) Array index (involving "col") of type "int". Recommend using "unsigned int"
"../main.c", line 218: remark #2553-D: (ULP 14.1) Array index (involving "col") of type "int". Recommend using "unsigned int"
"../main.c", line 219: remark #2553-D: (ULP 14.1) Array index (involving "col") of type "int". Recommend using "unsigned int"
"../main.c", line 220: remark #2553-D: (ULP 14.1) Array index (involving "col") of type "int". Recommend using "unsigned int"
"../main.c", line 221: remark #2553-D: (ULP 14.1) Array index (involving "col") of type "int". Recommend using "unsigned int"
"../main.c", line 222: remark #2553-D: (ULP 14.1) Array index (involving "col") of type "int". Recommend using "unsigned int"
"../main.c", line 223: remark #2553-D: (ULP 14.1) Array index (involving "col") of type "int". Recommend using "unsigned int"
1 error detected in the compilation of "../main.c".

>> Compilation failure
gmake: *** [main.obj] Error 1
gmake: Target `all' not remade because of errors.

**** Build Finished ****

**** Build of configuration Debug for project L08-Life ****

"C:\\ti\\ccsv5\\utils\\bin\\gmake" -k all 
'Building file: ../main.c'
'Invoking: MSP430 Compiler'
"C:/ti/ccsv5/tools/compiler/msp430_4.2.1/bin/cl430" -vmsp --abi=coffabi --include_path="C:/ti/ccsv5/ccs_base/msp430/include" --include_path="C:/ti/ccsv5/tools/compiler/msp430_4.2.1/include" --advice:power=all -g --define=__MSP430F2274__ --diag_warning=225 --display_error_number --diag_wrap=off --printf_support=minimal --preproc_with_compile --preproc_dependency="main.pp"  "../main.c"
"../main.c", line 97: remark #1544-D: (ULP 13.1) Detected loop counting up. Recommend loops count down as detecting zeros is easier
"../main.c", line 104: remark #1544-D: (ULP 13.1) Detected loop counting up. Recommend loops count down as detecting zeros is easier
"../main.c", line 126: remark #2553-D: (ULP 14.1) Array index (involving "col") of type "int". Recommend using "unsigned int"
"../main.c", line 126: remark #2553-D: (ULP 14.1) Array index (involving "row") of type "int". Recommend using "unsigned int"
"../main.c", line 129: remark #2553-D: (ULP 14.1) Array index (involving "col") of type "int". Recommend using "unsigned int"
"../main.c", line 129: remark #2553-D: (ULP 14.1) Array index (involving "row") of type "int". Recommend using "unsigned int"
"../main.c", line 151: remark #1544-D: (ULP 13.1) Detected loop counting up. Recommend loops count down as detecting zeros is easier
"../main.c", line 161: remark #1530-D: (ULP 5.1) Detected divide operation(s). Recommend moving them to RAM during run time or not using as these are processing/power intensive
"../main.c", line 162: remark #1544-D: (ULP 13.1) Detected loop counting up. Recommend loops count down as detecting zeros is easier
"../main.c", line 217: remark #2553-D: (ULP 14.1) Array index (involving "col") of type "int". Recommend using "unsigned int"
"../main.c", line 218: remark #2553-D: (ULP 14.1) Array index (involving "col") of type "int". Recommend using "unsigned int"
"../main.c", line 219: remark #2553-D: (ULP 14.1) Array index (involving "col") of type "int". Recommend using "unsigned int"
"../main.c", line 220: remark #2553-D: (ULP 14.1) Array index (involving "col") of type "int". Recommend using "unsigned int"
"../main.c", line 221: remark #2553-D: (ULP 14.1) Array index (involving "col") of type "int". Recommend using "unsigned int"
"../main.c", line 222: remark #2553-D: (ULP 14.1) Array index (involving "col") of type "int". Recommend using "unsigned int"
"../main.c", line 223: remark #2553-D: (ULP 14.1) Array index (involving "col") of type "int". Recommend using "unsigned int"
"../main.c", line 224: remark #2553-D: (ULP 14.1) Array index (involving "col") of type "int". Recommend using "unsigned int"
'Finished building: ../main.c'
' '
'Building target: L08-Life.out'
'Invoking: MSP430 Linker'
"C:/ti/ccsv5/tools/compiler/msp430_4.2.1/bin/cl430" -vmsp --abi=coffabi --advice:power=all -g --define=__MSP430F2274__ --diag_warning=225 --display_error_number --diag_wrap=off --printf_support=minimal -z -m"L08-Life.map" --heap_size=80 --stack_size=80 -i"C:/ti/ccsv5/ccs_base/msp430/include" -i"C:/ti/ccsv5/tools/compiler/msp430_4.2.1/lib" -i"C:/ti/ccsv5/tools/compiler/msp430_4.2.1/include" --reread_libs --warn_sections --display_error_number --diag_wrap=off --xml_link_info="L08-Life_linkInfo.xml" --rom_model -o "L08-Life.out"  "./main.obj" "./lifelib.obj" "./RBX430_lcd.obj" "./RBX430-1.obj" "../lnk_msp430f2274.cmd" -l"libc.a" 
<Linking>
'Finished building target: L08-Life.out'
' '

**** Build Finished ****

**** Build of configuration Debug for project L08-Life ****

"C:\\ti\\ccsv5\\utils\\bin\\gmake" -k all 
'Building file: ../main.c'
'Invoking: MSP430 Compiler'
"C:/ti/ccsv5/tools/compiler/msp430_4.2.1/bin/cl430" -vmsp --abi=coffabi --include_path="C:/ti/ccsv5/ccs_base/msp430/include" --include_path="C:/ti/ccsv5/tools/compiler/msp430_4.2.1/include" --advice:power=all -g --define=__MSP430F2274__ --diag_warning=225 --display_error_number --diag_wrap=off --printf_support=minimal --preproc_with_compile --preproc_dependency="main.pp"  "../main.c"
"../main.c", line 97: remark #1544-D: (ULP 13.1) Detected loop counting up. Recommend loops count down as detecting zeros is easier
"../main.c", line 104: remark #1544-D: (ULP 13.1) Detected loop counting up. Recommend loops count down as detecting zeros is easier
"../main.c", line 126: remark #2553-D: (ULP 14.1) Array index (involving "col") of type "int". Recommend using "unsigned int"
"../main.c", line 126: remark #2553-D: (ULP 14.1) Array index (involving "row") of type "int". Recommend using "unsigned int"
"../main.c", line 129: remark #2553-D: (ULP 14.1) Array index (involving "col") of type "int". Recommend using "unsigned int"
"../main.c", line 129: remark #2553-D: (ULP 14.1) Array index (involving "row") of type "int". Recommend using "unsigned int"
"../main.c", line 151: remark #1544-D: (ULP 13.1) Detected loop counting up. Recommend loops count down as detecting zeros is easier
"../main.c", line 161: remark #1530-D: (ULP 5.1) Detected divide operation(s). Recommend moving them to RAM during run time or not using as these are processing/power intensive
"../main.c", line 162: remark #1544-D: (ULP 13.1) Detected loop counting up. Recommend loops count down as detecting zeros is easier
"../main.c", line 217: remark #2553-D: (ULP 14.1) Array index (involving "col") of type "int". Recommend using "unsigned int"
"../main.c", line 218: remark #2553-D: (ULP 14.1) Array index (involving "col") of type "int". Recommend using "unsigned int"
"../main.c", line 219: remark #2553-D: (ULP 14.1) Array index (involving "col") of type "int". Recommend using "unsigned int"
"../main.c", line 220: remark #2553-D: (ULP 14.1) Array index (involving "col") of type "int". Recommend using "unsigned int"
"../main.c", line 221: remark #2553-D: (ULP 14.1) Array index (involving "col") of type "int". Recommend using "unsigned int"
"../main.c", line 222: remark #2553-D: (ULP 14.1) Array index (involving "col") of type "int". Recommend using "unsigned int"
"../main.c", line 223: remark #2553-D: (ULP 14.1) Array index (involving "col") of type "int". Recommend using "unsigned int"
"../main.c", line 224: remark #2553-D: (ULP 14.1) Array index (involving "col") of type "int". Recommend using "unsigned int"
'Finished building: ../main.c'
' '
'Building target: L08-Life.out'
'Invoking: MSP430 Linker'
"C:/ti/ccsv5/tools/compiler/msp430_4.2.1/bin/cl430" -vmsp --abi=coffabi --advice:power=all -g --define=__MSP430F2274__ --diag_warning=225 --display_error_number --diag_wrap=off --printf_support=minimal -z -m"L08-Life.map" --heap_size=80 --stack_size=80 -i"C:/ti/ccsv5/ccs_base/msp430/include" -i"C:/ti/ccsv5/tools/compiler/msp430_4.2.1/lib" -i"C:/ti/ccsv5/tools/compiler/msp430_4.2.1/include" --reread_libs --warn_sections --display_error_number --diag_wrap=off --xml_link_info="L08-Life_linkInfo.xml" --rom_model -o "L08-Life.out"  "./main.obj" "./lifelib.obj" "./RBX430_lcd.obj" "./RBX430-1.obj" "../lnk_msp430f2274.cmd" -l"libc.a" 
<Linking>
'Finished building target: L08-Life.out'
' '

**** Build Finished ****

**** Build of configuration Debug for project L08-Life ****

"C:\\ti\\ccsv5\\utils\\bin\\gmake" -k all 
'Building file: ../main.c'
'Invoking: MSP430 Compiler'
"C:/ti/ccsv5/tools/compiler/msp430_4.2.1/bin/cl430" -vmsp --abi=coffabi --include_path="C:/ti/ccsv5/ccs_base/msp430/include" --include_path="C:/ti/ccsv5/tools/compiler/msp430_4.2.1/include" --advice:power=all -g --define=__MSP430F2274__ --diag_warning=225 --display_error_number --diag_wrap=off --printf_support=minimal --preproc_with_compile --preproc_dependency="main.pp"  "../main.c"
"../main.c", line 97: remark #1544-D: (ULP 13.1) Detected loop counting up. Recommend loops count down as detecting zeros is easier
"../main.c", line 104: remark #1544-D: (ULP 13.1) Detected loop counting up. Recommend loops count down as detecting zeros is easier
"../main.c", line 126: remark #2553-D: (ULP 14.1) Array index (involving "col") of type "int". Recommend using "unsigned int"
"../main.c", line 126: remark #2553-D: (ULP 14.1) Array index (involving "row") of type "int". Recommend using "unsigned int"
"../main.c", line 129: remark #2553-D: (ULP 14.1) Array index (involving "col") of type "int". Recommend using "unsigned int"
"../main.c", line 129: remark #2553-D: (ULP 14.1) Array index (involving "row") of type "int". Recommend using "unsigned int"
"../main.c", line 190: remark #2553-D: (ULP 14.1) Array index (involving "col") of type "int". Recommend using "unsigned int"
"../main.c", line 191: remark #2553-D: (ULP 14.1) Array index (involving "col") of type "int". Recommend using "unsigned int"
"../main.c", line 192: remark #2553-D: (ULP 14.1) Array index (involving "col") of type "int". Recommend using "unsigned int"
"../main.c", line 193: remark #2553-D: (ULP 14.1) Array index (involving "col") of type "int". Recommend using "unsigned int"
"../main.c", line 194: remark #2553-D: (ULP 14.1) Array index (involving "col") of type "int". Recommend using "unsigned int"
"../main.c", line 195: remark #2553-D: (ULP 14.1) Array index (involving "col") of type "int". Recommend using "unsigned int"
"../main.c", line 196: remark #2553-D: (ULP 14.1) Array index (involving "col") of type "int". Recommend using "unsigned int"
"../main.c", line 197: remark #2553-D: (ULP 14.1) Array index (involving "col") of type "int". Recommend using "unsigned int"
'Finished building: ../main.c'
' '
'Building target: L08-Life.out'
'Invoking: MSP430 Linker'
"C:/ti/ccsv5/tools/compiler/msp430_4.2.1/bin/cl430" -vmsp --abi=coffabi --advice:power=all -g --define=__MSP430F2274__ --diag_warning=225 --display_error_number --diag_wrap=off --printf_support=minimal -z -m"L08-Life.map" --heap_size=80 --stack_size=80 -i"C:/ti/ccsv5/ccs_base/msp430/include" -i"C:/ti/ccsv5/tools/compiler/msp430_4.2.1/lib" -i"C:/ti/ccsv5/tools/compiler/msp430_4.2.1/include" --reread_libs --warn_sections --display_error_number --diag_wrap=off --xml_link_info="L08-Life_linkInfo.xml" --rom_model -o "L08-Life.out"  "./main.obj" "./lifelib.obj" "./RBX430_lcd.obj" "./RBX430-1.obj" "../lnk_msp430f2274.cmd" -l"libc.a" 
<Linking>
'Finished building target: L08-Life.out'
' '

**** Build Finished ****

**** Build of configuration Debug for project L08-Life ****

"C:\\ti\\ccsv5\\utils\\bin\\gmake" -k all 
'Building file: ../main.c'
'Invoking: MSP430 Compiler'
"C:/ti/ccsv5/tools/compiler/msp430_4.2.1/bin/cl430" -vmsp --abi=coffabi --include_path="C:/ti/ccsv5/ccs_base/msp430/include" --include_path="C:/ti/ccsv5/tools/compiler/msp430_4.2.1/include" --advice:power=all -g --define=__MSP430F2274__ --diag_warning=225 --display_error_number --diag_wrap=off --printf_support=minimal --preproc_with_compile --preproc_dependency="main.pp"  "../main.c"
"../main.c", line 97: remark #1544-D: (ULP 13.1) Detected loop counting up. Recommend loops count down as detecting zeros is easier
"../main.c", line 104: remark #1544-D: (ULP 13.1) Detected loop counting up. Recommend loops count down as detecting zeros is easier
"../main.c", line 126: remark #2553-D: (ULP 14.1) Array index (involving "col") of type "int". Recommend using "unsigned int"
"../main.c", line 126: remark #2553-D: (ULP 14.1) Array index (involving "row") of type "int". Recommend using "unsigned int"
"../main.c", line 129: remark #2553-D: (ULP 14.1) Array index (involving "col") of type "int". Recommend using "unsigned int"
"../main.c", line 129: remark #2553-D: (ULP 14.1) Array index (involving "row") of type "int". Recommend using "unsigned int"
"../main.c", line 190: remark #2553-D: (ULP 14.1) Array index (involving "col") of type "int". Recommend using "unsigned int"
"../main.c", line 191: remark #2553-D: (ULP 14.1) Array index (involving "col") of type "int". Recommend using "unsigned int"
"../main.c", line 192: remark #2553-D: (ULP 14.1) Array index (involving "col") of type "int". Recommend using "unsigned int"
"../main.c", line 193: remark #2553-D: (ULP 14.1) Array index (involving "col") of type "int". Recommend using "unsigned int"
"../main.c", line 194: remark #2553-D: (ULP 14.1) Array index (involving "col") of type "int". Recommend using "unsigned int"
"../main.c", line 195: remark #2553-D: (ULP 14.1) Array index (involving "col") of type "int". Recommend using "unsigned int"
"../main.c", line 196: remark #2553-D: (ULP 14.1) Array index (involving "col") of type "int". Recommend using "unsigned int"
"../main.c", line 197: remark #2553-D: (ULP 14.1) Array index (involving "col") of type "int". Recommend using "unsigned int"
'Finished building: ../main.c'
' '
'Building target: L08-Life.out'
'Invoking: MSP430 Linker'
"C:/ti/ccsv5/tools/compiler/msp430_4.2.1/bin/cl430" -vmsp --abi=coffabi --advice:power=all -g --define=__MSP430F2274__ --diag_warning=225 --display_error_number --diag_wrap=off --printf_support=minimal -z -m"L08-Life.map" --heap_size=80 --stack_size=80 -i"C:/ti/ccsv5/ccs_base/msp430/include" -i"C:/ti/ccsv5/tools/compiler/msp430_4.2.1/lib" -i"C:/ti/ccsv5/tools/compiler/msp430_4.2.1/include" --reread_libs --warn_sections --display_error_number --diag_wrap=off --xml_link_info="L08-Life_linkInfo.xml" --rom_model -o "L08-Life.out"  "./main.obj" "./lifelib.obj" "./RBX430_lcd.obj" "./RBX430-1.obj" "../lnk_msp430f2274.cmd" -l"libc.a" 
<Linking>
'Finished building target: L08-Life.out'
' '

**** Build Finished ****

**** Build of configuration Debug for project L08-Life ****

"C:\\ti\\ccsv5\\utils\\bin\\gmake" -k all 
'Building file: ../main.c'
'Invoking: MSP430 Compiler'
"C:/ti/ccsv5/tools/compiler/msp430_4.2.1/bin/cl430" -vmsp --abi=coffabi --include_path="C:/ti/ccsv5/ccs_base/msp430/include" --include_path="C:/ti/ccsv5/tools/compiler/msp430_4.2.1/include" --advice:power=all -g --define=__MSP430F2274__ --diag_warning=225 --display_error_number --diag_wrap=off --printf_support=minimal --preproc_with_compile --preproc_dependency="main.pp"  "../main.c"
"../main.c", line 97: remark #1544-D: (ULP 13.1) Detected loop counting up. Recommend loops count down as detecting zeros is easier
"../main.c", line 104: remark #1544-D: (ULP 13.1) Detected loop counting up. Recommend loops count down as detecting zeros is easier
"../main.c", line 126: remark #2553-D: (ULP 14.1) Array index (involving "col") of type "int". Recommend using "unsigned int"
"../main.c", line 126: remark #2553-D: (ULP 14.1) Array index (involving "row") of type "int". Recommend using "unsigned int"
"../main.c", line 129: remark #2553-D: (ULP 14.1) Array index (involving "col") of type "int". Recommend using "unsigned int"
"../main.c", line 129: remark #2553-D: (ULP 14.1) Array index (involving "row") of type "int". Recommend using "unsigned int"
"../main.c", line 190: remark #2553-D: (ULP 14.1) Array index (involving "col") of type "int". Recommend using "unsigned int"
"../main.c", line 191: remark #2553-D: (ULP 14.1) Array index (involving "col") of type "int". Recommend using "unsigned int"
"../main.c", line 192: remark #2553-D: (ULP 14.1) Array index (involving "col") of type "int". Recommend using "unsigned int"
"../main.c", line 193: remark #2553-D: (ULP 14.1) Array index (involving "col") of type "int". Recommend using "unsigned int"
"../main.c", line 194: remark #2553-D: (ULP 14.1) Array index (involving "col") of type "int". Recommend using "unsigned int"
"../main.c", line 195: remark #2553-D: (ULP 14.1) Array index (involving "col") of type "int". Recommend using "unsigned int"
"../main.c", line 196: remark #2553-D: (ULP 14.1) Array index (involving "col") of type "int". Recommend using "unsigned int"
"../main.c", line 197: remark #2553-D: (ULP 14.1) Array index (involving "col") of type "int". Recommend using "unsigned int"
'Finished building: ../main.c'
' '
'Building target: L08-Life.out'
'Invoking: MSP430 Linker'
"C:/ti/ccsv5/tools/compiler/msp430_4.2.1/bin/cl430" -vmsp --abi=coffabi --advice:power=all -g --define=__MSP430F2274__ --diag_warning=225 --display_error_number --diag_wrap=off --printf_support=minimal -z -m"L08-Life.map" --heap_size=80 --stack_size=80 -i"C:/ti/ccsv5/ccs_base/msp430/include" -i"C:/ti/ccsv5/tools/compiler/msp430_4.2.1/lib" -i"C:/ti/ccsv5/tools/compiler/msp430_4.2.1/include" --reread_libs --warn_sections --display_error_number --diag_wrap=off --xml_link_info="L08-Life_linkInfo.xml" --rom_model -o "L08-Life.out"  "./main.obj" "./lifelib.obj" "./RBX430_lcd.obj" "./RBX430-1.obj" "../lnk_msp430f2274.cmd" -l"libc.a" 
<Linking>
'Finished building target: L08-Life.out'
' '

**** Build Finished ****
